<?xml version="1.0" encoding="UTF-8"?>
<!-- Generated by org.testng.reporters.JUnitXMLReporter -->
<testsuite ignored="0" hostname="MSI" failures="2" tests="17" name="Chrome" time="21.793" errors="0" timestamp="2025-11-08T20:01:06 IST">
  <testcase classname="testCases.TC001_ValidationCommands" name="verifyAboutLink" time="0.13"/>
  <testcase classname="testCases.TC001_ValidationCommands" name="verifyCalculateBtn" time="0.047"/>
  <testcase classname="testCases.TC001_ValidationCommands" name="verifyPolicy" time="0.05"/>
  <testcase classname="testCases.TC001_ValidationCommands" name="verifyTermsLink" time="0.059"/>
  <testcase classname="testCases.TC001_ValidationCommands" name="verifyText" time="0.036"/>
  <testcase classname="testCases.TC002_VerificationText" name="verifyGetTitle" time="0.024">
    <failure type="java.lang.AssertionError" message="The following asserts failed:
	Title is not matched expected [Factorial] but found [Factoriall]">
      <![CDATA[java.lang.AssertionError: The following asserts failed:
Title is not matched expected [Factorial] but found [Factoriall]
at pageObjects.VerificationText.verifyTitle(VerificationText.java:36)
at testCases.TC002_VerificationText.verifyGetTitle(TC002_VerificationText.java:24)
at java.base/java.util.ArrayList.forEach(ArrayList.java:1511)
... Removed 29 stack frames]]>
    </failure>
  </testcase> <!-- verifyGetTitle -->
  <testcase classname="testCases.TC002_VerificationText" name="verifyPlaceholder" time="0.044"/>
  <testcase classname="testCases.TC002_VerificationText" name="verifyUrl" time="0.018"/>
  <testcase classname="testCases.TC003_DataDriven_Factorial" name="DataDriven" time="0.855"/>
  <testcase classname="testCases.TC003_DataDriven_Factorial" name="DataDriven" time="0.753"/>
  <testcase classname="testCases.TC003_DataDriven_Factorial" name="DataDriven" time="0.823"/>
  <testcase classname="testCases.TC003_DataDriven_Factorial" name="DataDriven" time="0.79"/>
  <testcase classname="testCases.TC003_DataDriven_Factorial" name="DataDriven" time="0.773"/>
  <testcase classname="testCases.TC003_DataDriven_Factorial" name="DataDriven" time="0.812"/>
  <testcase classname="testCases.TC003_DataDriven_Factorial" name="DataDriven" time="0.801"/>
  <testcase classname="testCases.TC004_AboutPage" name="aboutPage" time="1.136"/>
  <testcase classname="testCases.TC005_DefectedScenario" name="verifyTitle" time="0.013">
    <failure type="java.lang.AssertionError" message="expected [Factorial] but found [Factoriall]">
      <![CDATA[java.lang.AssertionError: expected [Factorial] but found [Factoriall]
at pageObjects.DefectedScenario.verifyTitle(DefectedScenario.java:17)
at testCases.TC005_DefectedScenario.verifyTitle(TC005_DefectedScenario.java:12)
at java.base/java.util.ArrayList.forEach(ArrayList.java:1511)
... Removed 33 stack frames]]>
    </failure>
  </testcase> <!-- verifyTitle -->
</testsuite> <!-- Chrome -->
