<?xml version="1.0" encoding="UTF-8"?>
<!-- Generated by org.testng.reporters.JUnitXMLReporter -->
<testsuite ignored="0" hostname="MSI" failures="2" tests="17" name="Firefox" time="38.223" errors="0" timestamp="2025-11-08T20:02:04 IST">
  <testcase classname="testCases.TC001_ValidationCommands" name="verifyAboutLink" time="0.045"/>
  <testcase classname="testCases.TC001_ValidationCommands" name="verifyCalculateBtn" time="0.029"/>
  <testcase classname="testCases.TC001_ValidationCommands" name="verifyPolicy" time="0.021"/>
  <testcase classname="testCases.TC001_ValidationCommands" name="verifyTermsLink" time="0.021"/>
  <testcase classname="testCases.TC001_ValidationCommands" name="verifyText" time="0.025"/>
  <testcase classname="testCases.TC002_VerificationText" name="verifyGetTitle" time="0.018">
    <failure type="java.lang.AssertionError" message="The following asserts failed:
	Title is not matched expected [Factorial] but found [Factoriall]">
      <![CDATA[java.lang.AssertionError: The following asserts failed:
Title is not matched expected [Factorial] but found [Factoriall]
at pageObjects.VerificationText.verifyTitle(VerificationText.java:36)
at testCases.TC002_VerificationText.verifyGetTitle(TC002_VerificationText.java:24)
at java.base/java.util.ArrayList.forEach(ArrayList.java:1511)
... Removed 29 stack frames]]>
    </failure>
  </testcase> <!-- verifyGetTitle -->
  <testcase classname="testCases.TC002_VerificationText" name="verifyPlaceholder" time="0.04"/>
  <testcase classname="testCases.TC002_VerificationText" name="verifyUrl" time="0.006"/>
  <testcase classname="testCases.TC003_DataDriven_Factorial" name="DataDriven" time="0.719"/>
  <testcase classname="testCases.TC003_DataDriven_Factorial" name="DataDriven" time="0.66"/>
  <testcase classname="testCases.TC003_DataDriven_Factorial" name="DataDriven" time="0.682"/>
  <testcase classname="testCases.TC003_DataDriven_Factorial" name="DataDriven" time="0.667"/>
  <testcase classname="testCases.TC003_DataDriven_Factorial" name="DataDriven" time="0.676"/>
  <testcase classname="testCases.TC003_DataDriven_Factorial" name="DataDriven" time="0.679"/>
  <testcase classname="testCases.TC003_DataDriven_Factorial" name="DataDriven" time="0.669"/>
  <testcase classname="testCases.TC004_AboutPage" name="aboutPage" time="1.041"/>
  <testcase classname="testCases.TC005_DefectedScenario" name="verifyTitle" time="0.005">
    <failure type="java.lang.AssertionError" message="expected [Factorial] but found [Factoriall]">
      <![CDATA[java.lang.AssertionError: expected [Factorial] but found [Factoriall]
at pageObjects.DefectedScenario.verifyTitle(DefectedScenario.java:17)
at testCases.TC005_DefectedScenario.verifyTitle(TC005_DefectedScenario.java:12)
at java.base/java.util.ArrayList.forEach(ArrayList.java:1511)
... Removed 33 stack frames]]>
    </failure>
  </testcase> <!-- verifyTitle -->
</testsuite> <!-- Firefox -->
