<?xml version="1.0" encoding="UTF-8"?>
<!-- Generated by org.testng.reporters.JUnitXMLReporter -->
<testsuite ignored="0" hostname="MSI" failures="2" tests="17" name="Test" time="21.027" errors="0" timestamp="2025-11-08T19:39:46 IST">
  <testcase classname="testCases.TC001_ValidationCommands" name="verifyAboutLink" time="0.099"/>
  <testcase classname="testCases.TC001_ValidationCommands" name="verifyCalculateBtn" time="0.048"/>
  <testcase classname="testCases.TC001_ValidationCommands" name="verifyPolicy" time="0.081"/>
  <testcase classname="testCases.TC001_ValidationCommands" name="verifyTermsLink" time="0.073"/>
  <testcase classname="testCases.TC001_ValidationCommands" name="verifyText" time="0.086"/>
  <testcase classname="testCases.TC002_VerificationText" name="verifyGetTitle" time="0.026">
    <failure type="java.lang.AssertionError" message="The following asserts failed:
	Title is not matched expected [Factorial] but found [Factoriall]">
      <![CDATA[java.lang.AssertionError: The following asserts failed:
Title is not matched expected [Factorial] but found [Factoriall]
at pageObjects.VerificationText.verifyTitle(VerificationText.java:36)
at testCases.TC002_VerificationText.verifyGetTitle(TC002_VerificationText.java:24)
at java.base/java.util.ArrayList.forEach(ArrayList.java:1511)
... Removed 29 stack frames]]>
    </failure>
  </testcase> <!-- verifyGetTitle -->
  <testcase classname="testCases.TC002_VerificationText" name="verifyPlaceholder" time="0.042"/>
  <testcase classname="testCases.TC002_VerificationText" name="verifyUrl" time="0.0"/>
  <testcase classname="testCases.TC003_DataDriven_Factorial" name="DataDriven" time="0.929"/>
  <testcase classname="testCases.TC003_DataDriven_Factorial" name="DataDriven" time="0.737"/>
  <testcase classname="testCases.TC003_DataDriven_Factorial" name="DataDriven" time="0.828"/>
  <testcase classname="testCases.TC003_DataDriven_Factorial" name="DataDriven" time="0.831"/>
  <testcase classname="testCases.TC003_DataDriven_Factorial" name="DataDriven" time="0.743"/>
  <testcase classname="testCases.TC003_DataDriven_Factorial" name="DataDriven" time="0.796"/>
  <testcase classname="testCases.TC003_DataDriven_Factorial" name="DataDriven" time="0.797"/>
  <testcase classname="testCases.TC004_AboutPage" name="aboutPage" time="1.046"/>
  <testcase classname="testCases.TC005_DefectedScenario" name="verifyTitle" time="0.009">
    <failure type="java.lang.AssertionError" message="expected [Factorial] but found [Factoriall]">
      <![CDATA[java.lang.AssertionError: expected [Factorial] but found [Factoriall]
at pageObjects.DefectedScenario.verifyTitle(DefectedScenario.java:17)
at testCases.TC005_DefectedScenario.verifyTitle(TC005_DefectedScenario.java:12)
at java.base/java.util.ArrayList.forEach(ArrayList.java:1511)
... Removed 33 stack frames]]>
    </failure>
  </testcase> <!-- verifyTitle -->
</testsuite> <!-- Test -->
