<!DOCTYPE html PUBLIC "-//W3C//DTD XHTML 1.1//EN" "https://www.w3.org/TR/xhtml11/DTD/xhtml11.dtd">
<html xmlns="https://www.w3.org/1999/xhtml">
<head>
<meta http-equiv="content-type" content="text/html; charset=UTF-8"/>
<title>TestNG Report</title>
<style type="text/css">table {margin-bottom:10px;border-collapse:collapse;empty-cells:show}th,td {border:1px solid #009;padding:.25em .5em}th {vertical-align:bottom}td {vertical-align:top}table a {font-weight:bold}.stripe td {background-color: #E6EBF9}.num {text-align:right}.passedodd td {background-color: #3F3}.passedeven td {background-color: #0A0}.skippedodd td {background-color: #DDD}.skippedeven td {background-color: #CCC}.failedodd td,.attn {background-color: #F33}.failedeven td,.stripe .attn {background-color: #D00}.stacktrace {white-space:pre;font-family:monospace}.totop {font-size:85%;text-align:center;border-bottom:2px solid #000}.invisible {display:none}</style>
</head>
<body>
<table>
<tr><th>Test</th><th># Passed</th><th># Skipped</th><th># Retried</th><th># Failed</th><th>Time (ms)</th><th>Included Groups</th><th>Excluded Groups</th></tr>
<tr><th colspan="8">Suite</th></tr>
<tr><td><a href="#t0">Chrome</a></td><td class="num">15</td><td class="num">0</td><td class="num">0</td><td class="num attn">2</td><td class="num">21,793</td><td></td><td></td></tr>
<tr class="stripe"><td><a href="#t1">Edge</a></td><td class="num">15</td><td class="num">0</td><td class="num">0</td><td class="num attn">2</td><td class="num">20,116</td><td></td><td></td></tr>
<tr><td><a href="#t2">Firefox</a></td><td class="num">15</td><td class="num">0</td><td class="num">0</td><td class="num attn">2</td><td class="num">38,223</td><td></td><td></td></tr>
<tr><th>Total</th><th class="num">45</th><th class="num">0</th><th class="num">0</th><th class="num attn">6</th><th class="num">80,132</th><th colspan="2"></th></tr>
</table>
<table id='summary'><thead><tr><th>Class</th><th>Method</th><th>Start</th><th>Time (ms)</th></tr></thead><tbody><tr><th colspan="4">Suite</th></tr></tbody><tbody id="t0"><tr><th colspan="4">Chrome &#8212; failed</th></tr><tr class="failedeven"><td rowspan="1">testCases.TC002_VerificationText</td><td><a href="#m0">verifyGetTitle</a></td><td rowspan="1">1762612250870</td><td rowspan="1">24</td></tr><tr class="failedodd"><td rowspan="1">testCases.TC005_DefectedScenario</td><td><a href="#m1">verifyTitle</a></td><td rowspan="1">1762612265986</td><td rowspan="1">13</td></tr><tr><th colspan="4">Chrome &#8212; passed</th></tr><tr class="passedeven"><td rowspan="5">testCases.TC001_ValidationCommands</td><td><a href="#m2">verifyAboutLink</a></td><td rowspan="1">1762612247811</td><td rowspan="1">130</td></tr><tr class="passedeven"><td><a href="#m3">verifyCalculateBtn</a></td><td rowspan="1">1762612247945</td><td rowspan="1">47</td></tr><tr class="passedeven"><td><a href="#m4">verifyPolicy</a></td><td rowspan="1">1762612247992</td><td rowspan="1">50</td></tr><tr class="passedeven"><td><a href="#m5">verifyTermsLink</a></td><td rowspan="1">1762612248042</td><td rowspan="1">59</td></tr><tr class="passedeven"><td><a href="#m6">verifyText</a></td><td rowspan="1">1762612248103</td><td rowspan="1">36</td></tr><tr class="passedodd"><td rowspan="2">testCases.TC002_VerificationText</td><td><a href="#m7">verifyPlaceholder</a></td><td rowspan="1">1762612250896</td><td rowspan="1">44</td></tr><tr class="passedodd"><td><a href="#m8">verifyUrl</a></td><td rowspan="1">1762612250940</td><td rowspan="1">18</td></tr><tr class="passedeven"><td rowspan="7">testCases.TC003_DataDriven_Factorial</td><td><a href="#m9">DataDriven</a></td><td rowspan="7">1762612256370</td><td rowspan="7">790</td></tr><tr class="passedeven"><td><a href="#m10">DataDriven</a></td></tr><tr class="passedeven"><td><a href="#m11">DataDriven</a></td></tr><tr class="passedeven"><td><a href="#m12">DataDriven</a></td></tr><tr class="passedeven"><td><a href="#m13">DataDriven</a></td></tr><tr class="passedeven"><td><a href="#m14">DataDriven</a></td></tr><tr class="passedeven"><td><a href="#m15">DataDriven</a></td></tr><tr class="passedodd"><td rowspan="1">testCases.TC004_AboutPage</td><td><a href="#m16">aboutPage</a></td><td rowspan="1">1762612262228</td><td rowspan="1">1136</td></tr></tbody>
<tbody id="t1"><tr><th colspan="4">Edge &#8212; failed</th></tr><tr class="failedeven"><td rowspan="1">testCases.TC002_VerificationText</td><td><a href="#m17">verifyGetTitle</a></td><td rowspan="1">1762612271533</td><td rowspan="1">16</td></tr><tr class="failedodd"><td rowspan="1">testCases.TC005_DefectedScenario</td><td><a href="#m18">verifyTitle</a></td><td rowspan="1">1762612286154</td><td rowspan="1">4</td></tr><tr><th colspan="4">Edge &#8212; passed</th></tr><tr class="passedeven"><td rowspan="5">testCases.TC001_ValidationCommands</td><td><a href="#m19">verifyAboutLink</a></td><td rowspan="1">1762612268683</td><td rowspan="1">48</td></tr><tr class="passedeven"><td><a href="#m20">verifyCalculateBtn</a></td><td rowspan="1">1762612268731</td><td rowspan="1">45</td></tr><tr class="passedeven"><td><a href="#m21">verifyPolicy</a></td><td rowspan="1">1762612268777</td><td rowspan="1">44</td></tr><tr class="passedeven"><td><a href="#m22">verifyTermsLink</a></td><td rowspan="1">1762612268821</td><td rowspan="1">33</td></tr><tr class="passedeven"><td><a href="#m23">verifyText</a></td><td rowspan="1">1762612268854</td><td rowspan="1">46</td></tr><tr class="passedodd"><td rowspan="2">testCases.TC002_VerificationText</td><td><a href="#m24">verifyPlaceholder</a></td><td rowspan="1">1762612271563</td><td rowspan="1">49</td></tr><tr class="passedodd"><td><a href="#m25">verifyUrl</a></td><td rowspan="1">1762612271612</td><td rowspan="1">0</td></tr><tr class="passedeven"><td rowspan="7">testCases.TC003_DataDriven_Factorial</td><td><a href="#m26">DataDriven</a></td><td rowspan="7">1762612279210</td><td rowspan="7">754</td></tr><tr class="passedeven"><td><a href="#m27">DataDriven</a></td></tr><tr class="passedeven"><td><a href="#m28">DataDriven</a></td></tr><tr class="passedeven"><td><a href="#m29">DataDriven</a></td></tr><tr class="passedeven"><td><a href="#m30">DataDriven</a></td></tr><tr class="passedeven"><td><a href="#m31">DataDriven</a></td></tr><tr class="passedeven"><td><a href="#m32">DataDriven</a></td></tr><tr class="passedodd"><td rowspan="1">testCases.TC004_AboutPage</td><td><a href="#m33">aboutPage</a></td><td rowspan="1">1762612282516</td><td rowspan="1">1018</td></tr></tbody>
<tbody id="t2"><tr><th colspan="4">Firefox &#8212; failed</th></tr><tr class="failedeven"><td rowspan="1">testCases.TC002_VerificationText</td><td><a href="#m34">verifyGetTitle</a></td><td rowspan="1">1762612297528</td><td rowspan="1">18</td></tr><tr class="failedodd"><td rowspan="1">testCases.TC005_DefectedScenario</td><td><a href="#m35">verifyTitle</a></td><td rowspan="1">1762612323228</td><td rowspan="1">5</td></tr><tr><th colspan="4">Firefox &#8212; passed</th></tr><tr class="passedeven"><td rowspan="5">testCases.TC001_ValidationCommands</td><td><a href="#m36">verifyAboutLink</a></td><td rowspan="1">1762612291274</td><td rowspan="1">45</td></tr><tr class="passedeven"><td><a href="#m37">verifyCalculateBtn</a></td><td rowspan="1">1762612291324</td><td rowspan="1">29</td></tr><tr class="passedeven"><td><a href="#m38">verifyPolicy</a></td><td rowspan="1">1762612291353</td><td rowspan="1">21</td></tr><tr class="passedeven"><td><a href="#m39">verifyTermsLink</a></td><td rowspan="1">1762612291378</td><td rowspan="1">21</td></tr><tr class="passedeven"><td><a href="#m40">verifyText</a></td><td rowspan="1">1762612291399</td><td rowspan="1">25</td></tr><tr class="passedodd"><td rowspan="2">testCases.TC002_VerificationText</td><td><a href="#m41">verifyPlaceholder</a></td><td rowspan="1">1762612297549</td><td rowspan="1">40</td></tr><tr class="passedodd"><td><a href="#m42">verifyUrl</a></td><td rowspan="1">1762612297590</td><td rowspan="1">6</td></tr><tr class="passedeven"><td rowspan="7">testCases.TC003_DataDriven_Factorial</td><td><a href="#m43">DataDriven</a></td><td rowspan="7">1762612304304</td><td rowspan="7">719</td></tr><tr class="passedeven"><td><a href="#m44">DataDriven</a></td></tr><tr class="passedeven"><td><a href="#m45">DataDriven</a></td></tr><tr class="passedeven"><td><a href="#m46">DataDriven</a></td></tr><tr class="passedeven"><td><a href="#m47">DataDriven</a></td></tr><tr class="passedeven"><td><a href="#m48">DataDriven</a></td></tr><tr class="passedeven"><td><a href="#m49">DataDriven</a></td></tr><tr class="passedodd"><td rowspan="1">testCases.TC004_AboutPage</td><td><a href="#m50">aboutPage</a></td><td rowspan="1">1762612315701</td><td rowspan="1">1041</td></tr></tbody>
</table>
<h2>Chrome</h2><h3 id="m0">testCases.TC002_VerificationText#verifyGetTitle</h3><table class="result"><tr><th>Exception</th></tr><tr><td><div class="stacktrace">java.lang.AssertionError: The following asserts failed:
	Title is not matched expected [Factorial] but found [Factoriall]
	at pageObjects.VerificationText.verifyTitle(VerificationText.java:36)
	at testCases.TC002_VerificationText.verifyGetTitle(TC002_VerificationText.java:24)
	at java.base/java.util.ArrayList.forEach(ArrayList.java:1511)
... Removed 29 stack frames</div></td></tr></table><p class="totop"><a href="#summary">back to summary</a></p>
<h3 id="m1">testCases.TC005_DefectedScenario#verifyTitle</h3><table class="result"><tr><th>Exception</th></tr><tr><td><div class="stacktrace">java.lang.AssertionError: expected [Factorial] but found [Factoriall]
	at pageObjects.DefectedScenario.verifyTitle(DefectedScenario.java:17)
	at testCases.TC005_DefectedScenario.verifyTitle(TC005_DefectedScenario.java:12)
	at java.base/java.util.ArrayList.forEach(ArrayList.java:1511)
... Removed 33 stack frames</div></td></tr></table><p class="totop"><a href="#summary">back to summary</a></p>
<h3 id="m2">testCases.TC001_ValidationCommands#verifyAboutLink</h3><table class="result"><tr><th class="invisible"/></tr></table><p class="totop"><a href="#summary">back to summary</a></p>
<h3 id="m3">testCases.TC001_ValidationCommands#verifyCalculateBtn</h3><table class="result"><tr><th class="invisible"/></tr></table><p class="totop"><a href="#summary">back to summary</a></p>
<h3 id="m4">testCases.TC001_ValidationCommands#verifyPolicy</h3><table class="result"><tr><th class="invisible"/></tr></table><p class="totop"><a href="#summary">back to summary</a></p>
<h3 id="m5">testCases.TC001_ValidationCommands#verifyTermsLink</h3><table class="result"><tr><th class="invisible"/></tr></table><p class="totop"><a href="#summary">back to summary</a></p>
<h3 id="m6">testCases.TC001_ValidationCommands#verifyText</h3><table class="result"><tr><th class="invisible"/></tr></table><p class="totop"><a href="#summary">back to summary</a></p>
<h3 id="m7">testCases.TC002_VerificationText#verifyPlaceholder</h3><table class="result"><tr><th class="invisible"/></tr></table><p class="totop"><a href="#summary">back to summary</a></p>
<h3 id="m8">testCases.TC002_VerificationText#verifyUrl</h3><table class="result"><tr><th class="invisible"/></tr></table><p class="totop"><a href="#summary">back to summary</a></p>
<h3 id="m9">testCases.TC003_DataDriven_Factorial#DataDriven</h3><table class="result"><tr class="param"><th>Parameter #1</th><th>Parameter #2</th></tr><tr class="param stripe"><td>7</td><td>5040</td></tr></table><p class="totop"><a href="#summary">back to summary</a></p>
<h3 id="m10">testCases.TC003_DataDriven_Factorial#DataDriven</h3><table class="result"><tr class="param"><th>Parameter #1</th><th>Parameter #2</th></tr><tr class="param stripe"><td>8</td><td>40320</td></tr></table><p class="totop"><a href="#summary">back to summary</a></p>
<h3 id="m11">testCases.TC003_DataDriven_Factorial#DataDriven</h3><table class="result"><tr class="param"><th>Parameter #1</th><th>Parameter #2</th></tr><tr class="param stripe"><td>10</td><td>3628800</td></tr></table><p class="totop"><a href="#summary">back to summary</a></p>
<h3 id="m12">testCases.TC003_DataDriven_Factorial#DataDriven</h3><table class="result"><tr class="param"><th>Parameter #1</th><th>Parameter #2</th></tr><tr class="param stripe"><td>4</td><td>24</td></tr></table><p class="totop"><a href="#summary">back to summary</a></p>
<h3 id="m13">testCases.TC003_DataDriven_Factorial#DataDriven</h3><table class="result"><tr class="param"><th>Parameter #1</th><th>Parameter #2</th></tr><tr class="param stripe"><td>5</td><td>120</td></tr></table><p class="totop"><a href="#summary">back to summary</a></p>
<h3 id="m14">testCases.TC003_DataDriven_Factorial#DataDriven</h3><table class="result"><tr class="param"><th>Parameter #1</th><th>Parameter #2</th></tr><tr class="param stripe"><td>6</td><td>720</td></tr></table><p class="totop"><a href="#summary">back to summary</a></p>
<h3 id="m15">testCases.TC003_DataDriven_Factorial#DataDriven</h3><table class="result"><tr class="param"><th>Parameter #1</th><th>Parameter #2</th></tr><tr class="param stripe"><td>9</td><td>362880</td></tr></table><p class="totop"><a href="#summary">back to summary</a></p>
<h3 id="m16">testCases.TC004_AboutPage#aboutPage</h3><table class="result"><tr><th class="invisible"/></tr></table><p class="totop"><a href="#summary">back to summary</a></p>
<h2>Edge</h2><h3 id="m17">testCases.TC002_VerificationText#verifyGetTitle</h3><table class="result"><tr><th>Exception</th></tr><tr><td><div class="stacktrace">java.lang.AssertionError: The following asserts failed:
	Title is not matched expected [Factorial] but found [Factoriall]
	at pageObjects.VerificationText.verifyTitle(VerificationText.java:36)
	at testCases.TC002_VerificationText.verifyGetTitle(TC002_VerificationText.java:24)
	at java.base/java.util.ArrayList.forEach(ArrayList.java:1511)
... Removed 29 stack frames</div></td></tr></table><p class="totop"><a href="#summary">back to summary</a></p>
<h3 id="m18">testCases.TC005_DefectedScenario#verifyTitle</h3><table class="result"><tr><th>Exception</th></tr><tr><td><div class="stacktrace">java.lang.AssertionError: expected [Factorial] but found [Factoriall]
	at pageObjects.DefectedScenario.verifyTitle(DefectedScenario.java:17)
	at testCases.TC005_DefectedScenario.verifyTitle(TC005_DefectedScenario.java:12)
	at java.base/java.util.ArrayList.forEach(ArrayList.java:1511)
... Removed 33 stack frames</div></td></tr></table><p class="totop"><a href="#summary">back to summary</a></p>
<h3 id="m19">testCases.TC001_ValidationCommands#verifyAboutLink</h3><table class="result"><tr><th class="invisible"/></tr></table><p class="totop"><a href="#summary">back to summary</a></p>
<h3 id="m20">testCases.TC001_ValidationCommands#verifyCalculateBtn</h3><table class="result"><tr><th class="invisible"/></tr></table><p class="totop"><a href="#summary">back to summary</a></p>
<h3 id="m21">testCases.TC001_ValidationCommands#verifyPolicy</h3><table class="result"><tr><th class="invisible"/></tr></table><p class="totop"><a href="#summary">back to summary</a></p>
<h3 id="m22">testCases.TC001_ValidationCommands#verifyTermsLink</h3><table class="result"><tr><th class="invisible"/></tr></table><p class="totop"><a href="#summary">back to summary</a></p>
<h3 id="m23">testCases.TC001_ValidationCommands#verifyText</h3><table class="result"><tr><th class="invisible"/></tr></table><p class="totop"><a href="#summary">back to summary</a></p>
<h3 id="m24">testCases.TC002_VerificationText#verifyPlaceholder</h3><table class="result"><tr><th class="invisible"/></tr></table><p class="totop"><a href="#summary">back to summary</a></p>
<h3 id="m25">testCases.TC002_VerificationText#verifyUrl</h3><table class="result"><tr><th class="invisible"/></tr></table><p class="totop"><a href="#summary">back to summary</a></p>
<h3 id="m26">testCases.TC003_DataDriven_Factorial#DataDriven</h3><table class="result"><tr class="param"><th>Parameter #1</th><th>Parameter #2</th></tr><tr class="param stripe"><td>10</td><td>3628800</td></tr></table><p class="totop"><a href="#summary">back to summary</a></p>
<h3 id="m27">testCases.TC003_DataDriven_Factorial#DataDriven</h3><table class="result"><tr class="param"><th>Parameter #1</th><th>Parameter #2</th></tr><tr class="param stripe"><td>8</td><td>40320</td></tr></table><p class="totop"><a href="#summary">back to summary</a></p>
<h3 id="m28">testCases.TC003_DataDriven_Factorial#DataDriven</h3><table class="result"><tr class="param"><th>Parameter #1</th><th>Parameter #2</th></tr><tr class="param stripe"><td>6</td><td>720</td></tr></table><p class="totop"><a href="#summary">back to summary</a></p>
<h3 id="m29">testCases.TC003_DataDriven_Factorial#DataDriven</h3><table class="result"><tr class="param"><th>Parameter #1</th><th>Parameter #2</th></tr><tr class="param stripe"><td>7</td><td>5040</td></tr></table><p class="totop"><a href="#summary">back to summary</a></p>
<h3 id="m30">testCases.TC003_DataDriven_Factorial#DataDriven</h3><table class="result"><tr class="param"><th>Parameter #1</th><th>Parameter #2</th></tr><tr class="param stripe"><td>9</td><td>362880</td></tr></table><p class="totop"><a href="#summary">back to summary</a></p>
<h3 id="m31">testCases.TC003_DataDriven_Factorial#DataDriven</h3><table class="result"><tr class="param"><th>Parameter #1</th><th>Parameter #2</th></tr><tr class="param stripe"><td>5</td><td>120</td></tr></table><p class="totop"><a href="#summary">back to summary</a></p>
<h3 id="m32">testCases.TC003_DataDriven_Factorial#DataDriven</h3><table class="result"><tr class="param"><th>Parameter #1</th><th>Parameter #2</th></tr><tr class="param stripe"><td>4</td><td>24</td></tr></table><p class="totop"><a href="#summary">back to summary</a></p>
<h3 id="m33">testCases.TC004_AboutPage#aboutPage</h3><table class="result"><tr><th class="invisible"/></tr></table><p class="totop"><a href="#summary">back to summary</a></p>
<h2>Firefox</h2><h3 id="m34">testCases.TC002_VerificationText#verifyGetTitle</h3><table class="result"><tr><th>Exception</th></tr><tr><td><div class="stacktrace">java.lang.AssertionError: The following asserts failed:
	Title is not matched expected [Factorial] but found [Factoriall]
	at pageObjects.VerificationText.verifyTitle(VerificationText.java:36)
	at testCases.TC002_VerificationText.verifyGetTitle(TC002_VerificationText.java:24)
	at java.base/java.util.ArrayList.forEach(ArrayList.java:1511)
... Removed 29 stack frames</div></td></tr></table><p class="totop"><a href="#summary">back to summary</a></p>
<h3 id="m35">testCases.TC005_DefectedScenario#verifyTitle</h3><table class="result"><tr><th>Exception</th></tr><tr><td><div class="stacktrace">java.lang.AssertionError: expected [Factorial] but found [Factoriall]
	at pageObjects.DefectedScenario.verifyTitle(DefectedScenario.java:17)
	at testCases.TC005_DefectedScenario.verifyTitle(TC005_DefectedScenario.java:12)
	at java.base/java.util.ArrayList.forEach(ArrayList.java:1511)
... Removed 33 stack frames</div></td></tr></table><p class="totop"><a href="#summary">back to summary</a></p>
<h3 id="m36">testCases.TC001_ValidationCommands#verifyAboutLink</h3><table class="result"><tr><th class="invisible"/></tr></table><p class="totop"><a href="#summary">back to summary</a></p>
<h3 id="m37">testCases.TC001_ValidationCommands#verifyCalculateBtn</h3><table class="result"><tr><th class="invisible"/></tr></table><p class="totop"><a href="#summary">back to summary</a></p>
<h3 id="m38">testCases.TC001_ValidationCommands#verifyPolicy</h3><table class="result"><tr><th class="invisible"/></tr></table><p class="totop"><a href="#summary">back to summary</a></p>
<h3 id="m39">testCases.TC001_ValidationCommands#verifyTermsLink</h3><table class="result"><tr><th class="invisible"/></tr></table><p class="totop"><a href="#summary">back to summary</a></p>
<h3 id="m40">testCases.TC001_ValidationCommands#verifyText</h3><table class="result"><tr><th class="invisible"/></tr></table><p class="totop"><a href="#summary">back to summary</a></p>
<h3 id="m41">testCases.TC002_VerificationText#verifyPlaceholder</h3><table class="result"><tr><th class="invisible"/></tr></table><p class="totop"><a href="#summary">back to summary</a></p>
<h3 id="m42">testCases.TC002_VerificationText#verifyUrl</h3><table class="result"><tr><th class="invisible"/></tr></table><p class="totop"><a href="#summary">back to summary</a></p>
<h3 id="m43">testCases.TC003_DataDriven_Factorial#DataDriven</h3><table class="result"><tr class="param"><th>Parameter #1</th><th>Parameter #2</th></tr><tr class="param stripe"><td>4</td><td>24</td></tr></table><p class="totop"><a href="#summary">back to summary</a></p>
<h3 id="m44">testCases.TC003_DataDriven_Factorial#DataDriven</h3><table class="result"><tr class="param"><th>Parameter #1</th><th>Parameter #2</th></tr><tr class="param stripe"><td>7</td><td>5040</td></tr></table><p class="totop"><a href="#summary">back to summary</a></p>
<h3 id="m45">testCases.TC003_DataDriven_Factorial#DataDriven</h3><table class="result"><tr class="param"><th>Parameter #1</th><th>Parameter #2</th></tr><tr class="param stripe"><td>9</td><td>362880</td></tr></table><p class="totop"><a href="#summary">back to summary</a></p>
<h3 id="m46">testCases.TC003_DataDriven_Factorial#DataDriven</h3><table class="result"><tr class="param"><th>Parameter #1</th><th>Parameter #2</th></tr><tr class="param stripe"><td>6</td><td>720</td></tr></table><p class="totop"><a href="#summary">back to summary</a></p>
<h3 id="m47">testCases.TC003_DataDriven_Factorial#DataDriven</h3><table class="result"><tr class="param"><th>Parameter #1</th><th>Parameter #2</th></tr><tr class="param stripe"><td>5</td><td>120</td></tr></table><p class="totop"><a href="#summary">back to summary</a></p>
<h3 id="m48">testCases.TC003_DataDriven_Factorial#DataDriven</h3><table class="result"><tr class="param"><th>Parameter #1</th><th>Parameter #2</th></tr><tr class="param stripe"><td>10</td><td>3628800</td></tr></table><p class="totop"><a href="#summary">back to summary</a></p>
<h3 id="m49">testCases.TC003_DataDriven_Factorial#DataDriven</h3><table class="result"><tr class="param"><th>Parameter #1</th><th>Parameter #2</th></tr><tr class="param stripe"><td>8</td><td>40320</td></tr></table><p class="totop"><a href="#summary">back to summary</a></p>
<h3 id="m50">testCases.TC004_AboutPage#aboutPage</h3><table class="result"><tr><th class="invisible"/></tr></table><p class="totop"><a href="#summary">back to summary</a></p>
</body>
</html>
