<?xml version="1.0" encoding="UTF-8"?>
<testng-results ignored="0" total="51" passed="45" failed="6" skipped="0">
  <reporter-output>
  </reporter-output>
  <suite started-at="2025-11-08T20:00:44 IST" name="Suite" finished-at="2025-11-08T20:02:04 IST" duration-ms="80226">
    <groups>
    </groups>
    <test started-at="2025-11-08T20:00:44 IST" name="Chrome" finished-at="2025-11-08T20:01:06 IST" duration-ms="21793">
      <class name="testCases.TC001_ValidationCommands">
        <test-method is-config="true" signature="setup(java.lang.String)[pri:0, instance:testCases.TC001_ValidationCommands@1a75e76a]" started-at="2025-11-08T20:00:44 IST" name="setup" finished-at="2025-11-08T20:00:47 IST" duration-ms="3379" status="PASS">
          <params>
            <param index="0">
              <value>
                <![CDATA[chrome]]>
              </value>
            </param>
          </params>
          <reporter-output>
          </reporter-output>
        </test-method> <!-- setup -->
        <test-method signature="verifyAboutLink()[pri:0, instance:testCases.TC001_ValidationCommands@1a75e76a]" started-at="2025-11-08T20:00:47 IST" name="verifyAboutLink" finished-at="2025-11-08T20:00:47 IST" duration-ms="130" status="PASS">
          <reporter-output>
          </reporter-output>
        </test-method> <!-- verifyAboutLink -->
        <test-method signature="verifyCalculateBtn()[pri:0, instance:testCases.TC001_ValidationCommands@1a75e76a]" started-at="2025-11-08T20:00:47 IST" name="verifyCalculateBtn" finished-at="2025-11-08T20:00:47 IST" duration-ms="47" status="PASS">
          <reporter-output>
          </reporter-output>
        </test-method> <!-- verifyCalculateBtn -->
        <test-method signature="verifyPolicy()[pri:0, instance:testCases.TC001_ValidationCommands@1a75e76a]" started-at="2025-11-08T20:00:47 IST" name="verifyPolicy" finished-at="2025-11-08T20:00:48 IST" duration-ms="50" status="PASS">
          <reporter-output>
          </reporter-output>
        </test-method> <!-- verifyPolicy -->
        <test-method signature="verifyTermsLink()[pri:0, instance:testCases.TC001_ValidationCommands@1a75e76a]" started-at="2025-11-08T20:00:48 IST" name="verifyTermsLink" finished-at="2025-11-08T20:00:48 IST" duration-ms="59" status="PASS">
          <reporter-output>
          </reporter-output>
        </test-method> <!-- verifyTermsLink -->
        <test-method signature="verifyText()[pri:0, instance:testCases.TC001_ValidationCommands@1a75e76a]" started-at="2025-11-08T20:00:48 IST" name="verifyText" finished-at="2025-11-08T20:00:48 IST" duration-ms="36" status="PASS">
          <reporter-output>
          </reporter-output>
        </test-method> <!-- verifyText -->
        <test-method is-config="true" signature="tearDown()[pri:0, instance:testCases.TC001_ValidationCommands@1a75e76a]" started-at="2025-11-08T20:00:48 IST" name="tearDown" finished-at="2025-11-08T20:00:48 IST" duration-ms="228" status="PASS">
          <reporter-output>
          </reporter-output>
        </test-method> <!-- tearDown -->
      </class> <!-- testCases.TC001_ValidationCommands -->
      <class name="testCases.TC003_DataDriven_Factorial">
        <test-method is-config="true" signature="setup(java.lang.String)[pri:0, instance:testCases.TC003_DataDriven_Factorial@710c2b53]" started-at="2025-11-08T20:00:51 IST" name="setup" finished-at="2025-11-08T20:00:53 IST" duration-ms="2670" status="PASS">
          <params>
            <param index="0">
              <value>
                <![CDATA[chrome]]>
              </value>
            </param>
          </params>
          <reporter-output>
          </reporter-output>
        </test-method> <!-- setup -->
        <test-method signature="DataDriven(java.lang.String,java.lang.String)[pri:0, instance:testCases.TC003_DataDriven_Factorial@710c2b53]" started-at="2025-11-08T20:00:53 IST" name="DataDriven" data-provider="factorialData" finished-at="2025-11-08T20:00:54 IST" duration-ms="855" status="PASS">
          <params>
            <param index="0">
              <value>
                <![CDATA[4]]>
              </value>
            </param>
            <param index="1">
              <value>
                <![CDATA[24]]>
              </value>
            </param>
          </params>
          <reporter-output>
          </reporter-output>
        </test-method> <!-- DataDriven -->
        <test-method signature="DataDriven(java.lang.String,java.lang.String)[pri:0, instance:testCases.TC003_DataDriven_Factorial@710c2b53]" started-at="2025-11-08T20:00:54 IST" name="DataDriven" data-provider="factorialData" finished-at="2025-11-08T20:00:55 IST" duration-ms="753" status="PASS">
          <params>
            <param index="0">
              <value>
                <![CDATA[5]]>
              </value>
            </param>
            <param index="1">
              <value>
                <![CDATA[120]]>
              </value>
            </param>
          </params>
          <reporter-output>
          </reporter-output>
        </test-method> <!-- DataDriven -->
        <test-method signature="DataDriven(java.lang.String,java.lang.String)[pri:0, instance:testCases.TC003_DataDriven_Factorial@710c2b53]" started-at="2025-11-08T20:00:55 IST" name="DataDriven" data-provider="factorialData" finished-at="2025-11-08T20:00:56 IST" duration-ms="823" status="PASS">
          <params>
            <param index="0">
              <value>
                <![CDATA[6]]>
              </value>
            </param>
            <param index="1">
              <value>
                <![CDATA[720]]>
              </value>
            </param>
          </params>
          <reporter-output>
          </reporter-output>
        </test-method> <!-- DataDriven -->
        <test-method signature="DataDriven(java.lang.String,java.lang.String)[pri:0, instance:testCases.TC003_DataDriven_Factorial@710c2b53]" started-at="2025-11-08T20:00:56 IST" name="DataDriven" data-provider="factorialData" finished-at="2025-11-08T20:00:57 IST" duration-ms="790" status="PASS">
          <params>
            <param index="0">
              <value>
                <![CDATA[7]]>
              </value>
            </param>
            <param index="1">
              <value>
                <![CDATA[5040]]>
              </value>
            </param>
          </params>
          <reporter-output>
          </reporter-output>
        </test-method> <!-- DataDriven -->
        <test-method signature="DataDriven(java.lang.String,java.lang.String)[pri:0, instance:testCases.TC003_DataDriven_Factorial@710c2b53]" started-at="2025-11-08T20:00:57 IST" name="DataDriven" data-provider="factorialData" finished-at="2025-11-08T20:00:57 IST" duration-ms="773" status="PASS">
          <params>
            <param index="0">
              <value>
                <![CDATA[8]]>
              </value>
            </param>
            <param index="1">
              <value>
                <![CDATA[40320]]>
              </value>
            </param>
          </params>
          <reporter-output>
          </reporter-output>
        </test-method> <!-- DataDriven -->
        <test-method signature="DataDriven(java.lang.String,java.lang.String)[pri:0, instance:testCases.TC003_DataDriven_Factorial@710c2b53]" started-at="2025-11-08T20:00:57 IST" name="DataDriven" data-provider="factorialData" finished-at="2025-11-08T20:00:58 IST" duration-ms="812" status="PASS">
          <params>
            <param index="0">
              <value>
                <![CDATA[9]]>
              </value>
            </param>
            <param index="1">
              <value>
                <![CDATA[362880]]>
              </value>
            </param>
          </params>
          <reporter-output>
          </reporter-output>
        </test-method> <!-- DataDriven -->
        <test-method signature="DataDriven(java.lang.String,java.lang.String)[pri:0, instance:testCases.TC003_DataDriven_Factorial@710c2b53]" started-at="2025-11-08T20:00:58 IST" name="DataDriven" data-provider="factorialData" finished-at="2025-11-08T20:00:59 IST" duration-ms="801" status="PASS">
          <params>
            <param index="0">
              <value>
                <![CDATA[10]]>
              </value>
            </param>
            <param index="1">
              <value>
                <![CDATA[3628800]]>
              </value>
            </param>
          </params>
          <reporter-output>
          </reporter-output>
        </test-method> <!-- DataDriven -->
        <test-method is-config="true" signature="tearDown()[pri:0, instance:testCases.TC003_DataDriven_Factorial@710c2b53]" started-at="2025-11-08T20:00:59 IST" name="tearDown" finished-at="2025-11-08T20:00:59 IST" duration-ms="264" status="PASS">
          <reporter-output>
          </reporter-output>
        </test-method> <!-- tearDown -->
      </class> <!-- testCases.TC003_DataDriven_Factorial -->
      <class name="testCases.TC004_AboutPage">
        <test-method is-config="true" signature="setup(java.lang.String)[pri:0, instance:testCases.TC004_AboutPage@5386659f]" started-at="2025-11-08T20:00:59 IST" name="setup" finished-at="2025-11-08T20:01:02 IST" duration-ms="2416" status="PASS">
          <params>
            <param index="0">
              <value>
                <![CDATA[chrome]]>
              </value>
            </param>
          </params>
          <reporter-output>
          </reporter-output>
        </test-method> <!-- setup -->
        <test-method signature="aboutPage()[pri:0, instance:testCases.TC004_AboutPage@5386659f]" started-at="2025-11-08T20:01:02 IST" name="aboutPage" finished-at="2025-11-08T20:01:03 IST" duration-ms="1136" status="PASS">
          <reporter-output>
          </reporter-output>
        </test-method> <!-- aboutPage -->
        <test-method is-config="true" signature="tearDown()[pri:0, instance:testCases.TC004_AboutPage@5386659f]" started-at="2025-11-08T20:01:03 IST" name="tearDown" finished-at="2025-11-08T20:01:03 IST" duration-ms="177" status="PASS">
          <reporter-output>
          </reporter-output>
        </test-method> <!-- tearDown -->
      </class> <!-- testCases.TC004_AboutPage -->
      <class name="testCases.TC005_DefectedScenario">
        <test-method is-config="true" signature="setup(java.lang.String)[pri:0, instance:testCases.TC005_DefectedScenario@14028087]" started-at="2025-11-08T20:01:03 IST" name="setup" finished-at="2025-11-08T20:01:05 IST" duration-ms="2445" status="PASS">
          <params>
            <param index="0">
              <value>
                <![CDATA[chrome]]>
              </value>
            </param>
          </params>
          <reporter-output>
          </reporter-output>
        </test-method> <!-- setup -->
        <test-method signature="verifyTitle()[pri:0, instance:testCases.TC005_DefectedScenario@14028087]" started-at="2025-11-08T20:01:05 IST" name="verifyTitle" finished-at="2025-11-08T20:01:05 IST" duration-ms="13" status="FAIL">
          <exception class="java.lang.AssertionError">
            <message>
              <![CDATA[expected [Factorial] but found [Factoriall]]]>
            </message>
            <full-stacktrace>
              <![CDATA[java.lang.AssertionError: expected [Factorial] but found [Factoriall]
at org.testng.Assert.fail(Assert.java:111)
at org.testng.Assert.failNotEquals(Assert.java:1578)
at org.testng.Assert.assertEqualsImpl(Assert.java:150)
at org.testng.Assert.assertEquals(Assert.java:132)
at org.testng.Assert.assertEquals(Assert.java:656)
at org.testng.Assert.assertEquals(Assert.java:666)
at pageObjects.DefectedScenario.verifyTitle(DefectedScenario.java:17)
at testCases.TC005_DefectedScenario.verifyTitle(TC005_DefectedScenario.java:12)
at java.base/jdk.internal.reflect.NativeMethodAccessorImpl.invoke0(Native Method)
at java.base/jdk.internal.reflect.NativeMethodAccessorImpl.invoke(NativeMethodAccessorImpl.java:77)
at java.base/jdk.internal.reflect.DelegatingMethodAccessorImpl.invoke(DelegatingMethodAccessorImpl.java:43)
at java.base/java.lang.reflect.Method.invoke(Method.java:568)
at org.testng.internal.invokers.MethodInvocationHelper.invokeMethod(MethodInvocationHelper.java:139)
at org.testng.internal.invokers.TestInvoker.invokeMethod(TestInvoker.java:664)
at org.testng.internal.invokers.TestInvoker.invokeTestMethod(TestInvoker.java:228)
at org.testng.internal.invokers.MethodRunner.runInSequence(MethodRunner.java:63)
at org.testng.internal.invokers.TestInvoker$MethodInvocationAgent.invoke(TestInvoker.java:961)
at org.testng.internal.invokers.TestInvoker.invokeTestMethods(TestInvoker.java:201)
at org.testng.internal.invokers.TestMethodWorker.invokeTestMethods(TestMethodWorker.java:148)
at org.testng.internal.invokers.TestMethodWorker.run(TestMethodWorker.java:128)
at java.base/java.util.ArrayList.forEach(ArrayList.java:1511)
at org.testng.TestRunner.privateRun(TestRunner.java:819)
at org.testng.TestRunner.run(TestRunner.java:619)
at org.testng.SuiteRunner.runTest(SuiteRunner.java:443)
at org.testng.SuiteRunner.runSequentially(SuiteRunner.java:437)
at org.testng.SuiteRunner.privateRun(SuiteRunner.java:397)
at org.testng.SuiteRunner.run(SuiteRunner.java:336)
at org.testng.SuiteRunnerWorker.runSuite(SuiteRunnerWorker.java:52)
at org.testng.SuiteRunnerWorker.run(SuiteRunnerWorker.java:95)
at org.testng.TestNG.runSuitesSequentially(TestNG.java:1301)
at org.testng.TestNG.runSuitesLocally(TestNG.java:1228)
at org.testng.TestNG.runSuites(TestNG.java:1134)
at org.testng.TestNG.run(TestNG.java:1101)
at org.testng.remote.AbstractRemoteTestNG.run(AbstractRemoteTestNG.java:115)
at org.testng.remote.RemoteTestNG.initAndRun(RemoteTestNG.java:293)
at org.testng.remote.RemoteTestNG.main(RemoteTestNG.java:91)
]]>
            </full-stacktrace>
          </exception> <!-- java.lang.AssertionError -->
          <reporter-output>
          </reporter-output>
        </test-method> <!-- verifyTitle -->
        <test-method is-config="true" signature="tearDown()[pri:0, instance:testCases.TC005_DefectedScenario@14028087]" started-at="2025-11-08T20:01:05 IST" name="tearDown" finished-at="2025-11-08T20:01:06 IST" duration-ms="176" status="PASS">
          <reporter-output>
          </reporter-output>
        </test-method> <!-- tearDown -->
      </class> <!-- testCases.TC005_DefectedScenario -->
      <class name="testCases.TC002_VerificationText">
        <test-method is-config="true" signature="setup(java.lang.String)[pri:0, instance:testCases.TC002_VerificationText@2767e23c]" started-at="2025-11-08T20:00:48 IST" name="setup" finished-at="2025-11-08T20:00:50 IST" duration-ms="2501" status="PASS">
          <params>
            <param index="0">
              <value>
                <![CDATA[chrome]]>
              </value>
            </param>
          </params>
          <reporter-output>
          </reporter-output>
        </test-method> <!-- setup -->
        <test-method signature="verifyGetTitle()[pri:0, instance:testCases.TC002_VerificationText@2767e23c]" started-at="2025-11-08T20:00:50 IST" name="verifyGetTitle" finished-at="2025-11-08T20:00:50 IST" duration-ms="24" status="FAIL">
          <exception class="java.lang.AssertionError">
            <message>
              <![CDATA[The following asserts failed:
Title is not matched expected [Factorial] but found [Factoriall]]]>
            </message>
            <full-stacktrace>
              <![CDATA[java.lang.AssertionError: The following asserts failed:
Title is not matched expected [Factorial] but found [Factoriall]
at org.testng.asserts.SoftAssert.assertAll(SoftAssert.java:46)
at org.testng.asserts.SoftAssert.assertAll(SoftAssert.java:30)
at pageObjects.VerificationText.verifyTitle(VerificationText.java:36)
at testCases.TC002_VerificationText.verifyGetTitle(TC002_VerificationText.java:24)
at java.base/jdk.internal.reflect.NativeMethodAccessorImpl.invoke0(Native Method)
at java.base/jdk.internal.reflect.NativeMethodAccessorImpl.invoke(NativeMethodAccessorImpl.java:77)
at java.base/jdk.internal.reflect.DelegatingMethodAccessorImpl.invoke(DelegatingMethodAccessorImpl.java:43)
at java.base/java.lang.reflect.Method.invoke(Method.java:568)
at org.testng.internal.invokers.MethodInvocationHelper.invokeMethod(MethodInvocationHelper.java:139)
at org.testng.internal.invokers.TestInvoker.invokeMethod(TestInvoker.java:664)
at org.testng.internal.invokers.TestInvoker.invokeTestMethod(TestInvoker.java:228)
at org.testng.internal.invokers.MethodRunner.runInSequence(MethodRunner.java:63)
at org.testng.internal.invokers.TestInvoker$MethodInvocationAgent.invoke(TestInvoker.java:961)
at org.testng.internal.invokers.TestInvoker.invokeTestMethods(TestInvoker.java:201)
at org.testng.internal.invokers.TestMethodWorker.invokeTestMethods(TestMethodWorker.java:148)
at org.testng.internal.invokers.TestMethodWorker.run(TestMethodWorker.java:128)
at java.base/java.util.ArrayList.forEach(ArrayList.java:1511)
at org.testng.TestRunner.privateRun(TestRunner.java:819)
at org.testng.TestRunner.run(TestRunner.java:619)
at org.testng.SuiteRunner.runTest(SuiteRunner.java:443)
at org.testng.SuiteRunner.runSequentially(SuiteRunner.java:437)
at org.testng.SuiteRunner.privateRun(SuiteRunner.java:397)
at org.testng.SuiteRunner.run(SuiteRunner.java:336)
at org.testng.SuiteRunnerWorker.runSuite(SuiteRunnerWorker.java:52)
at org.testng.SuiteRunnerWorker.run(SuiteRunnerWorker.java:95)
at org.testng.TestNG.runSuitesSequentially(TestNG.java:1301)
at org.testng.TestNG.runSuitesLocally(TestNG.java:1228)
at org.testng.TestNG.runSuites(TestNG.java:1134)
at org.testng.TestNG.run(TestNG.java:1101)
at org.testng.remote.AbstractRemoteTestNG.run(AbstractRemoteTestNG.java:115)
at org.testng.remote.RemoteTestNG.initAndRun(RemoteTestNG.java:293)
at org.testng.remote.RemoteTestNG.main(RemoteTestNG.java:91)
]]>
            </full-stacktrace>
          </exception> <!-- java.lang.AssertionError -->
          <reporter-output>
          </reporter-output>
        </test-method> <!-- verifyGetTitle -->
        <test-method signature="verifyPlaceholder()[pri:0, instance:testCases.TC002_VerificationText@2767e23c]" started-at="2025-11-08T20:00:50 IST" name="verifyPlaceholder" finished-at="2025-11-08T20:00:50 IST" duration-ms="44" status="PASS">
          <reporter-output>
          </reporter-output>
        </test-method> <!-- verifyPlaceholder -->
        <test-method signature="verifyUrl()[pri:0, instance:testCases.TC002_VerificationText@2767e23c]" started-at="2025-11-08T20:00:50 IST" name="verifyUrl" finished-at="2025-11-08T20:00:50 IST" duration-ms="18" status="PASS">
          <reporter-output>
          </reporter-output>
        </test-method> <!-- verifyUrl -->
        <test-method is-config="true" signature="tearDown()[pri:0, instance:testCases.TC002_VerificationText@2767e23c]" started-at="2025-11-08T20:00:50 IST" name="tearDown" finished-at="2025-11-08T20:00:51 IST" duration-ms="193" status="PASS">
          <reporter-output>
          </reporter-output>
        </test-method> <!-- tearDown -->
      </class> <!-- testCases.TC002_VerificationText -->
    </test> <!-- Chrome -->
    <test started-at="2025-11-08T20:01:06 IST" name="Edge" finished-at="2025-11-08T20:01:26 IST" duration-ms="20116">
      <class name="testCases.TC001_ValidationCommands">
        <test-method is-config="true" signature="setup(java.lang.String)[pri:0, instance:testCases.TC001_ValidationCommands@4d0d9fe7]" started-at="2025-11-08T20:01:06 IST" name="setup" finished-at="2025-11-08T20:01:08 IST" duration-ms="2438" status="PASS">
          <params>
            <param index="0">
              <value>
                <![CDATA[Edge]]>
              </value>
            </param>
          </params>
          <reporter-output>
          </reporter-output>
        </test-method> <!-- setup -->
        <test-method signature="verifyAboutLink()[pri:0, instance:testCases.TC001_ValidationCommands@4d0d9fe7]" started-at="2025-11-08T20:01:08 IST" name="verifyAboutLink" finished-at="2025-11-08T20:01:08 IST" duration-ms="48" status="PASS">
          <reporter-output>
          </reporter-output>
        </test-method> <!-- verifyAboutLink -->
        <test-method signature="verifyCalculateBtn()[pri:0, instance:testCases.TC001_ValidationCommands@4d0d9fe7]" started-at="2025-11-08T20:01:08 IST" name="verifyCalculateBtn" finished-at="2025-11-08T20:01:08 IST" duration-ms="45" status="PASS">
          <reporter-output>
          </reporter-output>
        </test-method> <!-- verifyCalculateBtn -->
        <test-method signature="verifyPolicy()[pri:0, instance:testCases.TC001_ValidationCommands@4d0d9fe7]" started-at="2025-11-08T20:01:08 IST" name="verifyPolicy" finished-at="2025-11-08T20:01:08 IST" duration-ms="44" status="PASS">
          <reporter-output>
          </reporter-output>
        </test-method> <!-- verifyPolicy -->
        <test-method signature="verifyTermsLink()[pri:0, instance:testCases.TC001_ValidationCommands@4d0d9fe7]" started-at="2025-11-08T20:01:08 IST" name="verifyTermsLink" finished-at="2025-11-08T20:01:08 IST" duration-ms="33" status="PASS">
          <reporter-output>
          </reporter-output>
        </test-method> <!-- verifyTermsLink -->
        <test-method signature="verifyText()[pri:0, instance:testCases.TC001_ValidationCommands@4d0d9fe7]" started-at="2025-11-08T20:01:08 IST" name="verifyText" finished-at="2025-11-08T20:01:08 IST" duration-ms="46" status="PASS">
          <reporter-output>
          </reporter-output>
        </test-method> <!-- verifyText -->
        <test-method is-config="true" signature="tearDown()[pri:0, instance:testCases.TC001_ValidationCommands@4d0d9fe7]" started-at="2025-11-08T20:01:08 IST" name="tearDown" finished-at="2025-11-08T20:01:09 IST" duration-ms="198" status="PASS">
          <reporter-output>
          </reporter-output>
        </test-method> <!-- tearDown -->
      </class> <!-- testCases.TC001_ValidationCommands -->
      <class name="testCases.TC003_DataDriven_Factorial">
        <test-method is-config="true" signature="setup(java.lang.String)[pri:0, instance:testCases.TC003_DataDriven_Factorial@312aa7c]" started-at="2025-11-08T20:01:11 IST" name="setup" finished-at="2025-11-08T20:01:14 IST" duration-ms="2483" status="PASS">
          <params>
            <param index="0">
              <value>
                <![CDATA[Edge]]>
              </value>
            </param>
          </params>
          <reporter-output>
          </reporter-output>
        </test-method> <!-- setup -->
        <test-method signature="DataDriven(java.lang.String,java.lang.String)[pri:0, instance:testCases.TC003_DataDriven_Factorial@312aa7c]" started-at="2025-11-08T20:01:14 IST" name="DataDriven" data-provider="factorialData" finished-at="2025-11-08T20:01:15 IST" duration-ms="934" status="PASS">
          <params>
            <param index="0">
              <value>
                <![CDATA[4]]>
              </value>
            </param>
            <param index="1">
              <value>
                <![CDATA[24]]>
              </value>
            </param>
          </params>
          <reporter-output>
          </reporter-output>
        </test-method> <!-- DataDriven -->
        <test-method signature="DataDriven(java.lang.String,java.lang.String)[pri:0, instance:testCases.TC003_DataDriven_Factorial@312aa7c]" started-at="2025-11-08T20:01:15 IST" name="DataDriven" data-provider="factorialData" finished-at="2025-11-08T20:01:16 IST" duration-ms="740" status="PASS">
          <params>
            <param index="0">
              <value>
                <![CDATA[5]]>
              </value>
            </param>
            <param index="1">
              <value>
                <![CDATA[120]]>
              </value>
            </param>
          </params>
          <reporter-output>
          </reporter-output>
        </test-method> <!-- DataDriven -->
        <test-method signature="DataDriven(java.lang.String,java.lang.String)[pri:0, instance:testCases.TC003_DataDriven_Factorial@312aa7c]" started-at="2025-11-08T20:01:16 IST" name="DataDriven" data-provider="factorialData" finished-at="2025-11-08T20:01:16 IST" duration-ms="817" status="PASS">
          <params>
            <param index="0">
              <value>
                <![CDATA[6]]>
              </value>
            </param>
            <param index="1">
              <value>
                <![CDATA[720]]>
              </value>
            </param>
          </params>
          <reporter-output>
          </reporter-output>
        </test-method> <!-- DataDriven -->
        <test-method signature="DataDriven(java.lang.String,java.lang.String)[pri:0, instance:testCases.TC003_DataDriven_Factorial@312aa7c]" started-at="2025-11-08T20:01:16 IST" name="DataDriven" data-provider="factorialData" finished-at="2025-11-08T20:01:17 IST" duration-ms="783" status="PASS">
          <params>
            <param index="0">
              <value>
                <![CDATA[7]]>
              </value>
            </param>
            <param index="1">
              <value>
                <![CDATA[5040]]>
              </value>
            </param>
          </params>
          <reporter-output>
          </reporter-output>
        </test-method> <!-- DataDriven -->
        <test-method signature="DataDriven(java.lang.String,java.lang.String)[pri:0, instance:testCases.TC003_DataDriven_Factorial@312aa7c]" started-at="2025-11-08T20:01:17 IST" name="DataDriven" data-provider="factorialData" finished-at="2025-11-08T20:01:18 IST" duration-ms="761" status="PASS">
          <params>
            <param index="0">
              <value>
                <![CDATA[8]]>
              </value>
            </param>
            <param index="1">
              <value>
                <![CDATA[40320]]>
              </value>
            </param>
          </params>
          <reporter-output>
          </reporter-output>
        </test-method> <!-- DataDriven -->
        <test-method signature="DataDriven(java.lang.String,java.lang.String)[pri:0, instance:testCases.TC003_DataDriven_Factorial@312aa7c]" started-at="2025-11-08T20:01:18 IST" name="DataDriven" data-provider="factorialData" finished-at="2025-11-08T20:01:19 IST" duration-ms="770" status="PASS">
          <params>
            <param index="0">
              <value>
                <![CDATA[9]]>
              </value>
            </param>
            <param index="1">
              <value>
                <![CDATA[362880]]>
              </value>
            </param>
          </params>
          <reporter-output>
          </reporter-output>
        </test-method> <!-- DataDriven -->
        <test-method signature="DataDriven(java.lang.String,java.lang.String)[pri:0, instance:testCases.TC003_DataDriven_Factorial@312aa7c]" started-at="2025-11-08T20:01:19 IST" name="DataDriven" data-provider="factorialData" finished-at="2025-11-08T20:01:19 IST" duration-ms="754" status="PASS">
          <params>
            <param index="0">
              <value>
                <![CDATA[10]]>
              </value>
            </param>
            <param index="1">
              <value>
                <![CDATA[3628800]]>
              </value>
            </param>
          </params>
          <reporter-output>
          </reporter-output>
        </test-method> <!-- DataDriven -->
        <test-method is-config="true" signature="tearDown()[pri:0, instance:testCases.TC003_DataDriven_Factorial@312aa7c]" started-at="2025-11-08T20:01:19 IST" name="tearDown" finished-at="2025-11-08T20:01:20 IST" duration-ms="245" status="PASS">
          <reporter-output>
          </reporter-output>
        </test-method> <!-- tearDown -->
      </class> <!-- testCases.TC003_DataDriven_Factorial -->
      <class name="testCases.TC004_AboutPage">
        <test-method is-config="true" signature="setup(java.lang.String)[pri:0, instance:testCases.TC004_AboutPage@536f2a7e]" started-at="2025-11-08T20:01:20 IST" name="setup" finished-at="2025-11-08T20:01:22 IST" duration-ms="2306" status="PASS">
          <params>
            <param index="0">
              <value>
                <![CDATA[Edge]]>
              </value>
            </param>
          </params>
          <reporter-output>
          </reporter-output>
        </test-method> <!-- setup -->
        <test-method signature="aboutPage()[pri:0, instance:testCases.TC004_AboutPage@536f2a7e]" started-at="2025-11-08T20:01:22 IST" name="aboutPage" finished-at="2025-11-08T20:01:23 IST" duration-ms="1018" status="PASS">
          <reporter-output>
          </reporter-output>
        </test-method> <!-- aboutPage -->
        <test-method is-config="true" signature="tearDown()[pri:0, instance:testCases.TC004_AboutPage@536f2a7e]" started-at="2025-11-08T20:01:23 IST" name="tearDown" finished-at="2025-11-08T20:01:23 IST" duration-ms="223" status="PASS">
          <reporter-output>
          </reporter-output>
        </test-method> <!-- tearDown -->
      </class> <!-- testCases.TC004_AboutPage -->
      <class name="testCases.TC005_DefectedScenario">
        <test-method is-config="true" signature="setup(java.lang.String)[pri:0, instance:testCases.TC005_DefectedScenario@72bc6553]" started-at="2025-11-08T20:01:23 IST" name="setup" finished-at="2025-11-08T20:01:26 IST" duration-ms="2396" status="PASS">
          <params>
            <param index="0">
              <value>
                <![CDATA[Edge]]>
              </value>
            </param>
          </params>
          <reporter-output>
          </reporter-output>
        </test-method> <!-- setup -->
        <test-method signature="verifyTitle()[pri:0, instance:testCases.TC005_DefectedScenario@72bc6553]" started-at="2025-11-08T20:01:26 IST" name="verifyTitle" finished-at="2025-11-08T20:01:26 IST" duration-ms="4" status="FAIL">
          <exception class="java.lang.AssertionError">
            <message>
              <![CDATA[expected [Factorial] but found [Factoriall]]]>
            </message>
            <full-stacktrace>
              <![CDATA[java.lang.AssertionError: expected [Factorial] but found [Factoriall]
at org.testng.Assert.fail(Assert.java:111)
at org.testng.Assert.failNotEquals(Assert.java:1578)
at org.testng.Assert.assertEqualsImpl(Assert.java:150)
at org.testng.Assert.assertEquals(Assert.java:132)
at org.testng.Assert.assertEquals(Assert.java:656)
at org.testng.Assert.assertEquals(Assert.java:666)
at pageObjects.DefectedScenario.verifyTitle(DefectedScenario.java:17)
at testCases.TC005_DefectedScenario.verifyTitle(TC005_DefectedScenario.java:12)
at java.base/jdk.internal.reflect.NativeMethodAccessorImpl.invoke0(Native Method)
at java.base/jdk.internal.reflect.NativeMethodAccessorImpl.invoke(NativeMethodAccessorImpl.java:77)
at java.base/jdk.internal.reflect.DelegatingMethodAccessorImpl.invoke(DelegatingMethodAccessorImpl.java:43)
at java.base/java.lang.reflect.Method.invoke(Method.java:568)
at org.testng.internal.invokers.MethodInvocationHelper.invokeMethod(MethodInvocationHelper.java:139)
at org.testng.internal.invokers.TestInvoker.invokeMethod(TestInvoker.java:664)
at org.testng.internal.invokers.TestInvoker.invokeTestMethod(TestInvoker.java:228)
at org.testng.internal.invokers.MethodRunner.runInSequence(MethodRunner.java:63)
at org.testng.internal.invokers.TestInvoker$MethodInvocationAgent.invoke(TestInvoker.java:961)
at org.testng.internal.invokers.TestInvoker.invokeTestMethods(TestInvoker.java:201)
at org.testng.internal.invokers.TestMethodWorker.invokeTestMethods(TestMethodWorker.java:148)
at org.testng.internal.invokers.TestMethodWorker.run(TestMethodWorker.java:128)
at java.base/java.util.ArrayList.forEach(ArrayList.java:1511)
at org.testng.TestRunner.privateRun(TestRunner.java:819)
at org.testng.TestRunner.run(TestRunner.java:619)
at org.testng.SuiteRunner.runTest(SuiteRunner.java:443)
at org.testng.SuiteRunner.runSequentially(SuiteRunner.java:437)
at org.testng.SuiteRunner.privateRun(SuiteRunner.java:397)
at org.testng.SuiteRunner.run(SuiteRunner.java:336)
at org.testng.SuiteRunnerWorker.runSuite(SuiteRunnerWorker.java:52)
at org.testng.SuiteRunnerWorker.run(SuiteRunnerWorker.java:95)
at org.testng.TestNG.runSuitesSequentially(TestNG.java:1301)
at org.testng.TestNG.runSuitesLocally(TestNG.java:1228)
at org.testng.TestNG.runSuites(TestNG.java:1134)
at org.testng.TestNG.run(TestNG.java:1101)
at org.testng.remote.AbstractRemoteTestNG.run(AbstractRemoteTestNG.java:115)
at org.testng.remote.RemoteTestNG.initAndRun(RemoteTestNG.java:293)
at org.testng.remote.RemoteTestNG.main(RemoteTestNG.java:91)
]]>
            </full-stacktrace>
          </exception> <!-- java.lang.AssertionError -->
          <reporter-output>
          </reporter-output>
        </test-method> <!-- verifyTitle -->
        <test-method is-config="true" signature="tearDown()[pri:0, instance:testCases.TC005_DefectedScenario@72bc6553]" started-at="2025-11-08T20:01:26 IST" name="tearDown" finished-at="2025-11-08T20:01:26 IST" duration-ms="200" status="PASS">
          <reporter-output>
          </reporter-output>
        </test-method> <!-- tearDown -->
      </class> <!-- testCases.TC005_DefectedScenario -->
      <class name="testCases.TC002_VerificationText">
        <test-method is-config="true" signature="setup(java.lang.String)[pri:0, instance:testCases.TC002_VerificationText@c430e6c]" started-at="2025-11-08T20:01:09 IST" name="setup" finished-at="2025-11-08T20:01:11 IST" duration-ms="2434" status="PASS">
          <params>
            <param index="0">
              <value>
                <![CDATA[Edge]]>
              </value>
            </param>
          </params>
          <reporter-output>
          </reporter-output>
        </test-method> <!-- setup -->
        <test-method signature="verifyGetTitle()[pri:0, instance:testCases.TC002_VerificationText@c430e6c]" started-at="2025-11-08T20:01:11 IST" name="verifyGetTitle" finished-at="2025-11-08T20:01:11 IST" duration-ms="16" status="FAIL">
          <exception class="java.lang.AssertionError">
            <message>
              <![CDATA[The following asserts failed:
Title is not matched expected [Factorial] but found [Factoriall]]]>
            </message>
            <full-stacktrace>
              <![CDATA[java.lang.AssertionError: The following asserts failed:
Title is not matched expected [Factorial] but found [Factoriall]
at org.testng.asserts.SoftAssert.assertAll(SoftAssert.java:46)
at org.testng.asserts.SoftAssert.assertAll(SoftAssert.java:30)
at pageObjects.VerificationText.verifyTitle(VerificationText.java:36)
at testCases.TC002_VerificationText.verifyGetTitle(TC002_VerificationText.java:24)
at java.base/jdk.internal.reflect.NativeMethodAccessorImpl.invoke0(Native Method)
at java.base/jdk.internal.reflect.NativeMethodAccessorImpl.invoke(NativeMethodAccessorImpl.java:77)
at java.base/jdk.internal.reflect.DelegatingMethodAccessorImpl.invoke(DelegatingMethodAccessorImpl.java:43)
at java.base/java.lang.reflect.Method.invoke(Method.java:568)
at org.testng.internal.invokers.MethodInvocationHelper.invokeMethod(MethodInvocationHelper.java:139)
at org.testng.internal.invokers.TestInvoker.invokeMethod(TestInvoker.java:664)
at org.testng.internal.invokers.TestInvoker.invokeTestMethod(TestInvoker.java:228)
at org.testng.internal.invokers.MethodRunner.runInSequence(MethodRunner.java:63)
at org.testng.internal.invokers.TestInvoker$MethodInvocationAgent.invoke(TestInvoker.java:961)
at org.testng.internal.invokers.TestInvoker.invokeTestMethods(TestInvoker.java:201)
at org.testng.internal.invokers.TestMethodWorker.invokeTestMethods(TestMethodWorker.java:148)
at org.testng.internal.invokers.TestMethodWorker.run(TestMethodWorker.java:128)
at java.base/java.util.ArrayList.forEach(ArrayList.java:1511)
at org.testng.TestRunner.privateRun(TestRunner.java:819)
at org.testng.TestRunner.run(TestRunner.java:619)
at org.testng.SuiteRunner.runTest(SuiteRunner.java:443)
at org.testng.SuiteRunner.runSequentially(SuiteRunner.java:437)
at org.testng.SuiteRunner.privateRun(SuiteRunner.java:397)
at org.testng.SuiteRunner.run(SuiteRunner.java:336)
at org.testng.SuiteRunnerWorker.runSuite(SuiteRunnerWorker.java:52)
at org.testng.SuiteRunnerWorker.run(SuiteRunnerWorker.java:95)
at org.testng.TestNG.runSuitesSequentially(TestNG.java:1301)
at org.testng.TestNG.runSuitesLocally(TestNG.java:1228)
at org.testng.TestNG.runSuites(TestNG.java:1134)
at org.testng.TestNG.run(TestNG.java:1101)
at org.testng.remote.AbstractRemoteTestNG.run(AbstractRemoteTestNG.java:115)
at org.testng.remote.RemoteTestNG.initAndRun(RemoteTestNG.java:293)
at org.testng.remote.RemoteTestNG.main(RemoteTestNG.java:91)
]]>
            </full-stacktrace>
          </exception> <!-- java.lang.AssertionError -->
          <reporter-output>
          </reporter-output>
        </test-method> <!-- verifyGetTitle -->
        <test-method signature="verifyPlaceholder()[pri:0, instance:testCases.TC002_VerificationText@c430e6c]" started-at="2025-11-08T20:01:11 IST" name="verifyPlaceholder" finished-at="2025-11-08T20:01:11 IST" duration-ms="49" status="PASS">
          <reporter-output>
          </reporter-output>
        </test-method> <!-- verifyPlaceholder -->
        <test-method signature="verifyUrl()[pri:0, instance:testCases.TC002_VerificationText@c430e6c]" started-at="2025-11-08T20:01:11 IST" name="verifyUrl" finished-at="2025-11-08T20:01:11 IST" duration-ms="0" status="PASS">
          <reporter-output>
          </reporter-output>
        </test-method> <!-- verifyUrl -->
        <test-method is-config="true" signature="tearDown()[pri:0, instance:testCases.TC002_VerificationText@c430e6c]" started-at="2025-11-08T20:01:11 IST" name="tearDown" finished-at="2025-11-08T20:01:11 IST" duration-ms="224" status="PASS">
          <reporter-output>
          </reporter-output>
        </test-method> <!-- tearDown -->
      </class> <!-- testCases.TC002_VerificationText -->
    </test> <!-- Edge -->
    <test started-at="2025-11-08T20:01:26 IST" name="Firefox" finished-at="2025-11-08T20:02:04 IST" duration-ms="38223">
      <class name="testCases.TC001_ValidationCommands">
        <test-method is-config="true" signature="setup(java.lang.String)[pri:0, instance:testCases.TC001_ValidationCommands@70cf32e3]" started-at="2025-11-08T20:01:26 IST" name="setup" finished-at="2025-11-08T20:01:31 IST" duration-ms="4885" status="PASS">
          <params>
            <param index="0">
              <value>
                <![CDATA[Firefox]]>
              </value>
            </param>
          </params>
          <reporter-output>
          </reporter-output>
        </test-method> <!-- setup -->
        <test-method signature="verifyAboutLink()[pri:0, instance:testCases.TC001_ValidationCommands@70cf32e3]" started-at="2025-11-08T20:01:31 IST" name="verifyAboutLink" finished-at="2025-11-08T20:01:31 IST" duration-ms="45" status="PASS">
          <reporter-output>
          </reporter-output>
        </test-method> <!-- verifyAboutLink -->
        <test-method signature="verifyCalculateBtn()[pri:0, instance:testCases.TC001_ValidationCommands@70cf32e3]" started-at="2025-11-08T20:01:31 IST" name="verifyCalculateBtn" finished-at="2025-11-08T20:01:31 IST" duration-ms="29" status="PASS">
          <reporter-output>
          </reporter-output>
        </test-method> <!-- verifyCalculateBtn -->
        <test-method signature="verifyPolicy()[pri:0, instance:testCases.TC001_ValidationCommands@70cf32e3]" started-at="2025-11-08T20:01:31 IST" name="verifyPolicy" finished-at="2025-11-08T20:01:31 IST" duration-ms="21" status="PASS">
          <reporter-output>
          </reporter-output>
        </test-method> <!-- verifyPolicy -->
        <test-method signature="verifyTermsLink()[pri:0, instance:testCases.TC001_ValidationCommands@70cf32e3]" started-at="2025-11-08T20:01:31 IST" name="verifyTermsLink" finished-at="2025-11-08T20:01:31 IST" duration-ms="21" status="PASS">
          <reporter-output>
          </reporter-output>
        </test-method> <!-- verifyTermsLink -->
        <test-method signature="verifyText()[pri:0, instance:testCases.TC001_ValidationCommands@70cf32e3]" started-at="2025-11-08T20:01:31 IST" name="verifyText" finished-at="2025-11-08T20:01:31 IST" duration-ms="25" status="PASS">
          <reporter-output>
          </reporter-output>
        </test-method> <!-- verifyText -->
        <test-method is-config="true" signature="tearDown()[pri:0, instance:testCases.TC001_ValidationCommands@70cf32e3]" started-at="2025-11-08T20:01:31 IST" name="tearDown" finished-at="2025-11-08T20:01:32 IST" duration-ms="1266" status="PASS">
          <reporter-output>
          </reporter-output>
        </test-method> <!-- tearDown -->
      </class> <!-- testCases.TC001_ValidationCommands -->
      <class name="testCases.TC003_DataDriven_Factorial">
        <test-method is-config="true" signature="setup(java.lang.String)[pri:0, instance:testCases.TC003_DataDriven_Factorial@4bdeaabb]" started-at="2025-11-08T20:01:39 IST" name="setup" finished-at="2025-11-08T20:01:44 IST" duration-ms="5041" status="PASS">
          <params>
            <param index="0">
              <value>
                <![CDATA[Firefox]]>
              </value>
            </param>
          </params>
          <reporter-output>
          </reporter-output>
        </test-method> <!-- setup -->
        <test-method signature="DataDriven(java.lang.String,java.lang.String)[pri:0, instance:testCases.TC003_DataDriven_Factorial@4bdeaabb]" started-at="2025-11-08T20:01:44 IST" name="DataDriven" data-provider="factorialData" finished-at="2025-11-08T20:01:45 IST" duration-ms="719" status="PASS">
          <params>
            <param index="0">
              <value>
                <![CDATA[4]]>
              </value>
            </param>
            <param index="1">
              <value>
                <![CDATA[24]]>
              </value>
            </param>
          </params>
          <reporter-output>
          </reporter-output>
        </test-method> <!-- DataDriven -->
        <test-method signature="DataDriven(java.lang.String,java.lang.String)[pri:0, instance:testCases.TC003_DataDriven_Factorial@4bdeaabb]" started-at="2025-11-08T20:01:45 IST" name="DataDriven" data-provider="factorialData" finished-at="2025-11-08T20:01:45 IST" duration-ms="660" status="PASS">
          <params>
            <param index="0">
              <value>
                <![CDATA[5]]>
              </value>
            </param>
            <param index="1">
              <value>
                <![CDATA[120]]>
              </value>
            </param>
          </params>
          <reporter-output>
          </reporter-output>
        </test-method> <!-- DataDriven -->
        <test-method signature="DataDriven(java.lang.String,java.lang.String)[pri:0, instance:testCases.TC003_DataDriven_Factorial@4bdeaabb]" started-at="2025-11-08T20:01:45 IST" name="DataDriven" data-provider="factorialData" finished-at="2025-11-08T20:01:46 IST" duration-ms="682" status="PASS">
          <params>
            <param index="0">
              <value>
                <![CDATA[6]]>
              </value>
            </param>
            <param index="1">
              <value>
                <![CDATA[720]]>
              </value>
            </param>
          </params>
          <reporter-output>
          </reporter-output>
        </test-method> <!-- DataDriven -->
        <test-method signature="DataDriven(java.lang.String,java.lang.String)[pri:0, instance:testCases.TC003_DataDriven_Factorial@4bdeaabb]" started-at="2025-11-08T20:01:46 IST" name="DataDriven" data-provider="factorialData" finished-at="2025-11-08T20:01:47 IST" duration-ms="667" status="PASS">
          <params>
            <param index="0">
              <value>
                <![CDATA[7]]>
              </value>
            </param>
            <param index="1">
              <value>
                <![CDATA[5040]]>
              </value>
            </param>
          </params>
          <reporter-output>
          </reporter-output>
        </test-method> <!-- DataDriven -->
        <test-method signature="DataDriven(java.lang.String,java.lang.String)[pri:0, instance:testCases.TC003_DataDriven_Factorial@4bdeaabb]" started-at="2025-11-08T20:01:47 IST" name="DataDriven" data-provider="factorialData" finished-at="2025-11-08T20:01:47 IST" duration-ms="676" status="PASS">
          <params>
            <param index="0">
              <value>
                <![CDATA[8]]>
              </value>
            </param>
            <param index="1">
              <value>
                <![CDATA[40320]]>
              </value>
            </param>
          </params>
          <reporter-output>
          </reporter-output>
        </test-method> <!-- DataDriven -->
        <test-method signature="DataDriven(java.lang.String,java.lang.String)[pri:0, instance:testCases.TC003_DataDriven_Factorial@4bdeaabb]" started-at="2025-11-08T20:01:47 IST" name="DataDriven" data-provider="factorialData" finished-at="2025-11-08T20:01:48 IST" duration-ms="679" status="PASS">
          <params>
            <param index="0">
              <value>
                <![CDATA[9]]>
              </value>
            </param>
            <param index="1">
              <value>
                <![CDATA[362880]]>
              </value>
            </param>
          </params>
          <reporter-output>
          </reporter-output>
        </test-method> <!-- DataDriven -->
        <test-method signature="DataDriven(java.lang.String,java.lang.String)[pri:0, instance:testCases.TC003_DataDriven_Factorial@4bdeaabb]" started-at="2025-11-08T20:01:48 IST" name="DataDriven" data-provider="factorialData" finished-at="2025-11-08T20:01:49 IST" duration-ms="669" status="PASS">
          <params>
            <param index="0">
              <value>
                <![CDATA[10]]>
              </value>
            </param>
            <param index="1">
              <value>
                <![CDATA[3628800]]>
              </value>
            </param>
          </params>
          <reporter-output>
          </reporter-output>
        </test-method> <!-- DataDriven -->
        <test-method is-config="true" signature="tearDown()[pri:0, instance:testCases.TC003_DataDriven_Factorial@4bdeaabb]" started-at="2025-11-08T20:01:49 IST" name="tearDown" finished-at="2025-11-08T20:01:50 IST" duration-ms="1341" status="PASS">
          <reporter-output>
          </reporter-output>
        </test-method> <!-- tearDown -->
      </class> <!-- testCases.TC003_DataDriven_Factorial -->
      <class name="testCases.TC004_AboutPage">
        <test-method is-config="true" signature="setup(java.lang.String)[pri:0, instance:testCases.TC004_AboutPage@6c4906d3]" started-at="2025-11-08T20:01:50 IST" name="setup" finished-at="2025-11-08T20:01:55 IST" duration-ms="5295" status="PASS">
          <params>
            <param index="0">
              <value>
                <![CDATA[Firefox]]>
              </value>
            </param>
          </params>
          <reporter-output>
          </reporter-output>
        </test-method> <!-- setup -->
        <test-method signature="aboutPage()[pri:0, instance:testCases.TC004_AboutPage@6c4906d3]" started-at="2025-11-08T20:01:55 IST" name="aboutPage" finished-at="2025-11-08T20:01:56 IST" duration-ms="1041" status="PASS">
          <reporter-output>
          </reporter-output>
        </test-method> <!-- aboutPage -->
        <test-method is-config="true" signature="tearDown()[pri:0, instance:testCases.TC004_AboutPage@6c4906d3]" started-at="2025-11-08T20:01:56 IST" name="tearDown" finished-at="2025-11-08T20:01:58 IST" duration-ms="1375" status="PASS">
          <reporter-output>
          </reporter-output>
        </test-method> <!-- tearDown -->
      </class> <!-- testCases.TC004_AboutPage -->
      <class name="testCases.TC005_DefectedScenario">
        <test-method is-config="true" signature="setup(java.lang.String)[pri:0, instance:testCases.TC005_DefectedScenario@65987993]" started-at="2025-11-08T20:01:58 IST" name="setup" finished-at="2025-11-08T20:02:03 IST" duration-ms="5109" status="PASS">
          <params>
            <param index="0">
              <value>
                <![CDATA[Firefox]]>
              </value>
            </param>
          </params>
          <reporter-output>
          </reporter-output>
        </test-method> <!-- setup -->
        <test-method signature="verifyTitle()[pri:0, instance:testCases.TC005_DefectedScenario@65987993]" started-at="2025-11-08T20:02:03 IST" name="verifyTitle" finished-at="2025-11-08T20:02:03 IST" duration-ms="5" status="FAIL">
          <exception class="java.lang.AssertionError">
            <message>
              <![CDATA[expected [Factorial] but found [Factoriall]]]>
            </message>
            <full-stacktrace>
              <![CDATA[java.lang.AssertionError: expected [Factorial] but found [Factoriall]
at org.testng.Assert.fail(Assert.java:111)
at org.testng.Assert.failNotEquals(Assert.java:1578)
at org.testng.Assert.assertEqualsImpl(Assert.java:150)
at org.testng.Assert.assertEquals(Assert.java:132)
at org.testng.Assert.assertEquals(Assert.java:656)
at org.testng.Assert.assertEquals(Assert.java:666)
at pageObjects.DefectedScenario.verifyTitle(DefectedScenario.java:17)
at testCases.TC005_DefectedScenario.verifyTitle(TC005_DefectedScenario.java:12)
at java.base/jdk.internal.reflect.NativeMethodAccessorImpl.invoke0(Native Method)
at java.base/jdk.internal.reflect.NativeMethodAccessorImpl.invoke(NativeMethodAccessorImpl.java:77)
at java.base/jdk.internal.reflect.DelegatingMethodAccessorImpl.invoke(DelegatingMethodAccessorImpl.java:43)
at java.base/java.lang.reflect.Method.invoke(Method.java:568)
at org.testng.internal.invokers.MethodInvocationHelper.invokeMethod(MethodInvocationHelper.java:139)
at org.testng.internal.invokers.TestInvoker.invokeMethod(TestInvoker.java:664)
at org.testng.internal.invokers.TestInvoker.invokeTestMethod(TestInvoker.java:228)
at org.testng.internal.invokers.MethodRunner.runInSequence(MethodRunner.java:63)
at org.testng.internal.invokers.TestInvoker$MethodInvocationAgent.invoke(TestInvoker.java:961)
at org.testng.internal.invokers.TestInvoker.invokeTestMethods(TestInvoker.java:201)
at org.testng.internal.invokers.TestMethodWorker.invokeTestMethods(TestMethodWorker.java:148)
at org.testng.internal.invokers.TestMethodWorker.run(TestMethodWorker.java:128)
at java.base/java.util.ArrayList.forEach(ArrayList.java:1511)
at org.testng.TestRunner.privateRun(TestRunner.java:819)
at org.testng.TestRunner.run(TestRunner.java:619)
at org.testng.SuiteRunner.runTest(SuiteRunner.java:443)
at org.testng.SuiteRunner.runSequentially(SuiteRunner.java:437)
at org.testng.SuiteRunner.privateRun(SuiteRunner.java:397)
at org.testng.SuiteRunner.run(SuiteRunner.java:336)
at org.testng.SuiteRunnerWorker.runSuite(SuiteRunnerWorker.java:52)
at org.testng.SuiteRunnerWorker.run(SuiteRunnerWorker.java:95)
at org.testng.TestNG.runSuitesSequentially(TestNG.java:1301)
at org.testng.TestNG.runSuitesLocally(TestNG.java:1228)
at org.testng.TestNG.runSuites(TestNG.java:1134)
at org.testng.TestNG.run(TestNG.java:1101)
at org.testng.remote.AbstractRemoteTestNG.run(AbstractRemoteTestNG.java:115)
at org.testng.remote.RemoteTestNG.initAndRun(RemoteTestNG.java:293)
at org.testng.remote.RemoteTestNG.main(RemoteTestNG.java:91)
]]>
            </full-stacktrace>
          </exception> <!-- java.lang.AssertionError -->
          <reporter-output>
          </reporter-output>
        </test-method> <!-- verifyTitle -->
        <test-method is-config="true" signature="tearDown()[pri:0, instance:testCases.TC005_DefectedScenario@65987993]" started-at="2025-11-08T20:02:03 IST" name="tearDown" finished-at="2025-11-08T20:02:04 IST" duration-ms="1375" status="PASS">
          <reporter-output>
          </reporter-output>
        </test-method> <!-- tearDown -->
      </class> <!-- testCases.TC005_DefectedScenario -->
      <class name="testCases.TC002_VerificationText">
        <test-method is-config="true" signature="setup(java.lang.String)[pri:0, instance:testCases.TC002_VerificationText@5a59ca5e]" started-at="2025-11-08T20:01:32 IST" name="setup" finished-at="2025-11-08T20:01:37 IST" duration-ms="4837" status="PASS">
          <params>
            <param index="0">
              <value>
                <![CDATA[Firefox]]>
              </value>
            </param>
          </params>
          <reporter-output>
          </reporter-output>
        </test-method> <!-- setup -->
        <test-method signature="verifyGetTitle()[pri:0, instance:testCases.TC002_VerificationText@5a59ca5e]" started-at="2025-11-08T20:01:37 IST" name="verifyGetTitle" finished-at="2025-11-08T20:01:37 IST" duration-ms="18" status="FAIL">
          <exception class="java.lang.AssertionError">
            <message>
              <![CDATA[The following asserts failed:
Title is not matched expected [Factorial] but found [Factoriall]]]>
            </message>
            <full-stacktrace>
              <![CDATA[java.lang.AssertionError: The following asserts failed:
Title is not matched expected [Factorial] but found [Factoriall]
at org.testng.asserts.SoftAssert.assertAll(SoftAssert.java:46)
at org.testng.asserts.SoftAssert.assertAll(SoftAssert.java:30)
at pageObjects.VerificationText.verifyTitle(VerificationText.java:36)
at testCases.TC002_VerificationText.verifyGetTitle(TC002_VerificationText.java:24)
at java.base/jdk.internal.reflect.NativeMethodAccessorImpl.invoke0(Native Method)
at java.base/jdk.internal.reflect.NativeMethodAccessorImpl.invoke(NativeMethodAccessorImpl.java:77)
at java.base/jdk.internal.reflect.DelegatingMethodAccessorImpl.invoke(DelegatingMethodAccessorImpl.java:43)
at java.base/java.lang.reflect.Method.invoke(Method.java:568)
at org.testng.internal.invokers.MethodInvocationHelper.invokeMethod(MethodInvocationHelper.java:139)
at org.testng.internal.invokers.TestInvoker.invokeMethod(TestInvoker.java:664)
at org.testng.internal.invokers.TestInvoker.invokeTestMethod(TestInvoker.java:228)
at org.testng.internal.invokers.MethodRunner.runInSequence(MethodRunner.java:63)
at org.testng.internal.invokers.TestInvoker$MethodInvocationAgent.invoke(TestInvoker.java:961)
at org.testng.internal.invokers.TestInvoker.invokeTestMethods(TestInvoker.java:201)
at org.testng.internal.invokers.TestMethodWorker.invokeTestMethods(TestMethodWorker.java:148)
at org.testng.internal.invokers.TestMethodWorker.run(TestMethodWorker.java:128)
at java.base/java.util.ArrayList.forEach(ArrayList.java:1511)
at org.testng.TestRunner.privateRun(TestRunner.java:819)
at org.testng.TestRunner.run(TestRunner.java:619)
at org.testng.SuiteRunner.runTest(SuiteRunner.java:443)
at org.testng.SuiteRunner.runSequentially(SuiteRunner.java:437)
at org.testng.SuiteRunner.privateRun(SuiteRunner.java:397)
at org.testng.SuiteRunner.run(SuiteRunner.java:336)
at org.testng.SuiteRunnerWorker.runSuite(SuiteRunnerWorker.java:52)
at org.testng.SuiteRunnerWorker.run(SuiteRunnerWorker.java:95)
at org.testng.TestNG.runSuitesSequentially(TestNG.java:1301)
at org.testng.TestNG.runSuitesLocally(TestNG.java:1228)
at org.testng.TestNG.runSuites(TestNG.java:1134)
at org.testng.TestNG.run(TestNG.java:1101)
at org.testng.remote.AbstractRemoteTestNG.run(AbstractRemoteTestNG.java:115)
at org.testng.remote.RemoteTestNG.initAndRun(RemoteTestNG.java:293)
at org.testng.remote.RemoteTestNG.main(RemoteTestNG.java:91)
]]>
            </full-stacktrace>
          </exception> <!-- java.lang.AssertionError -->
          <reporter-output>
          </reporter-output>
        </test-method> <!-- verifyGetTitle -->
        <test-method signature="verifyPlaceholder()[pri:0, instance:testCases.TC002_VerificationText@5a59ca5e]" started-at="2025-11-08T20:01:37 IST" name="verifyPlaceholder" finished-at="2025-11-08T20:01:37 IST" duration-ms="40" status="PASS">
          <reporter-output>
          </reporter-output>
        </test-method> <!-- verifyPlaceholder -->
        <test-method signature="verifyUrl()[pri:0, instance:testCases.TC002_VerificationText@5a59ca5e]" started-at="2025-11-08T20:01:37 IST" name="verifyUrl" finished-at="2025-11-08T20:01:37 IST" duration-ms="6" status="PASS">
          <reporter-output>
          </reporter-output>
        </test-method> <!-- verifyUrl -->
        <test-method is-config="true" signature="tearDown()[pri:0, instance:testCases.TC002_VerificationText@5a59ca5e]" started-at="2025-11-08T20:01:37 IST" name="tearDown" finished-at="2025-11-08T20:01:39 IST" duration-ms="1567" status="PASS">
          <reporter-output>
          </reporter-output>
        </test-method> <!-- tearDown -->
      </class> <!-- testCases.TC002_VerificationText -->
    </test> <!-- Firefox -->
  </suite> <!-- Suite -->
</testng-results>
