<?xml version="1.0" encoding="UTF-8"?>
<!-- Generated by org.testng.reporters.JUnitReportReporter -->
<testsuite hostname="MSI" failures="0" tests="3" name="testCases.TC004_AboutPage" time="3.195" errors="0" timestamp="2025-11-08T20:02:04 IST" skipped="0">
  <testcase classname="testCases.TC004_AboutPage" name="aboutPage" time="1.018"/>
  <testcase classname="testCases.TC004_AboutPage" name="aboutPage" time="1.136"/>
  <testcase classname="testCases.TC004_AboutPage" name="aboutPage" time="1.041"/>
</testsuite> <!-- testCases.TC004_AboutPage -->
