<?xml version="1.0" encoding="UTF-8"?>
<!-- Generated by org.testng.reporters.JUnitReportReporter -->
<testsuite hostname="MSI" failures="0" tests="21" name="testCases.TC003_DataDriven_Factorial" time="15.918" errors="0" timestamp="2025-11-08T20:02:04 IST" skipped="0">
  <testcase classname="testCases.TC003_DataDriven_Factorial" name="DataDriven" time="0.754"/>
  <testcase classname="testCases.TC003_DataDriven_Factorial" name="DataDriven" time="0.790"/>
  <testcase classname="testCases.TC003_DataDriven_Factorial" name="DataDriven" time="0.719"/>
  <testcase classname="testCases.TC003_DataDriven_Factorial" name="DataDriven" time="0.761"/>
  <testcase classname="testCases.TC003_DataDriven_Factorial" name="DataDriven" time="0.773"/>
  <testcase classname="testCases.TC003_DataDriven_Factorial" name="DataDriven" time="0.817"/>
  <testcase classname="testCases.TC003_DataDriven_Factorial" name="DataDriven" time="0.783"/>
  <testcase classname="testCases.TC003_DataDriven_Factorial" name="DataDriven" time="0.770"/>
  <testcase classname="testCases.TC003_DataDriven_Factorial" name="DataDriven" time="0.740"/>
  <testcase classname="testCases.TC003_DataDriven_Factorial" name="DataDriven" time="0.667"/>
  <testcase classname="testCases.TC003_DataDriven_Factorial" name="DataDriven" time="0.679"/>
  <testcase classname="testCases.TC003_DataDriven_Factorial" name="DataDriven" time="0.682"/>
  <testcase classname="testCases.TC003_DataDriven_Factorial" name="DataDriven" time="0.801"/>
  <testcase classname="testCases.TC003_DataDriven_Factorial" name="DataDriven" time="0.855"/>
  <testcase classname="testCases.TC003_DataDriven_Factorial" name="DataDriven" time="0.753"/>
  <testcase classname="testCases.TC003_DataDriven_Factorial" name="DataDriven" time="0.823"/>
  <testcase classname="testCases.TC003_DataDriven_Factorial" name="DataDriven" time="0.660"/>
  <testcase classname="testCases.TC003_DataDriven_Factorial" name="DataDriven" time="0.669"/>
  <testcase classname="testCases.TC003_DataDriven_Factorial" name="DataDriven" time="0.812"/>
  <testcase classname="testCases.TC003_DataDriven_Factorial" name="DataDriven" time="0.934"/>
  <testcase classname="testCases.TC003_DataDriven_Factorial" name="DataDriven" time="0.676"/>
</testsuite> <!-- testCases.TC003_DataDriven_Factorial -->
