<?xml version="1.0" encoding="UTF-8"?>
<!-- Generated by org.testng.reporters.JUnitReportReporter -->
<testsuite hostname="MSI" failures="0" tests="15" name="testCases.TC001_ValidationCommands" time="0.679" errors="0" timestamp="2025-11-08T20:02:04 IST" skipped="0">
  <testcase classname="testCases.TC001_ValidationCommands" name="verifyTermsLink" time="0.021"/>
  <testcase classname="testCases.TC001_ValidationCommands" name="verifyAboutLink" time="0.048"/>
  <testcase classname="testCases.TC001_ValidationCommands" name="verifyText" time="0.046"/>
  <testcase classname="testCases.TC001_ValidationCommands" name="verifyCalculateBtn" time="0.047"/>
  <testcase classname="testCases.TC001_ValidationCommands" name="verifyTermsLink" time="0.059"/>
  <testcase classname="testCases.TC001_ValidationCommands" name="verifyPolicy" time="0.044"/>
  <testcase classname="testCases.TC001_ValidationCommands" name="verifyText" time="0.025"/>
  <testcase classname="testCases.TC001_ValidationCommands" name="verifyTermsLink" time="0.033"/>
  <testcase classname="testCases.TC001_ValidationCommands" name="verifyCalculateBtn" time="0.045"/>
  <testcase classname="testCases.TC001_ValidationCommands" name="verifyPolicy" time="0.021"/>
  <testcase classname="testCases.TC001_ValidationCommands" name="verifyAboutLink" time="0.130"/>
  <testcase classname="testCases.TC001_ValidationCommands" name="verifyText" time="0.036"/>
  <testcase classname="testCases.TC001_ValidationCommands" name="verifyAboutLink" time="0.045"/>
  <testcase classname="testCases.TC001_ValidationCommands" name="verifyPolicy" time="0.050"/>
  <testcase classname="testCases.TC001_ValidationCommands" name="verifyCalculateBtn" time="0.029"/>
</testsuite> <!-- testCases.TC001_ValidationCommands -->
